Using pre-set license
Built from '2020.3/staging' branch; Version is '2020.3.10f1 (297d780c91bc) revision 2719096'; Using compiler version '192528614'; Build Type 'Release'
OS: 'Windows 10 Home; OS build 19043.1415; Version 2009; 64bit' Language: 'ru' Physical Memory: 8143 MB
BatchMode: 1, IsHumanControllingUs: 0, StartBugReporterOnCrash: 0, Is64bit: 1, IsPro: 0

 COMMAND LINE ARGUMENTS:
F:\Unity\Engine\2020.3.10f1\Editor\Unity.exe
-adb2
-batchMode
-noUpm
-name
AssetImportWorker0
-projectPath
F:/UnityProjects/MechanicsFragment
-logFile
Logs/AssetImportWorker0.log
-srvPort
55183
Successfully changed project path to: F:/UnityProjects/MechanicsFragment
F:/UnityProjects/MechanicsFragment
Using Asset Import Pipeline V2.
Refreshing native plugins compatible for Editor in 186.81 ms, found 2 plugins.
Preloading 0 native plugins for Editor in 0.00 ms.
Initialize engine version: 2020.3.10f1 (297d780c91bc)
[Subsystems] Discovering subsystems at path F:/Unity/Engine/2020.3.10f1/Editor/Data/Resources/UnitySubsystems
[Subsystems] Discovering subsystems at path F:/UnityProjects/MechanicsFragment/Assets
GfxDevice: creating device client; threaded=0
Direct3D:
    Version:  Direct3D 11.0 [level 11.1]
    Renderer: NVIDIA GeForce GTX 1060 6GB (ID=0x1c03)
    Vendor:   
    VRAM:     6052 MB
    Driver:   27.21.14.6079
Initialize mono
Mono path[0] = 'F:/Unity/Engine/2020.3.10f1/Editor/Data/Managed'
Mono path[1] = 'F:/Unity/Engine/2020.3.10f1/Editor/Data/MonoBleedingEdge/lib/mono/unityjit'
Mono config path = 'F:/Unity/Engine/2020.3.10f1/Editor/Data/MonoBleedingEdge/etc'
Using monoOptions --debugger-agent=transport=dt_socket,embedding=1,server=y,suspend=n,address=127.0.0.1:56688
Begin MonoManager ReloadAssembly
Registering precompiled unity dll's ...
Register platform support module: F:/Unity/Engine/2020.3.10f1/Editor/Data/PlaybackEngines/WebGLSupport/UnityEditor.WebGL.Extensions.dll
Register platform support module: F:/Unity/Engine/2020.3.10f1/Editor/Data/PlaybackEngines/MacStandaloneSupport/UnityEditor.OSXStandalone.Extensions.dll
Register platform support module: F:/Unity/Engine/2020.3.10f1/Editor/Data/PlaybackEngines/WindowsStandaloneSupport/UnityEditor.WindowsStandalone.Extensions.dll
Register platform support module: F:/Unity/Engine/2020.3.10f1/Editor/Data/PlaybackEngines/LinuxStandaloneSupport/UnityEditor.LinuxStandalone.Extensions.dll
Register platform support module: F:/Unity/Engine/2020.3.10f1/Editor/Data/PlaybackEngines/LuminSupport/UnityEditor.Lumin.Extensions.dll
Registered in 0.054002 seconds.
Native extension for Lumin target not found
Native extension for LinuxStandalone target not found
Native extension for WindowsStandalone target not found
Native extension for OSXStandalone target not found
Native extension for WebGL target not found
Refreshing native plugins compatible for Editor in 50.51 ms, found 2 plugins.
Preloading 0 native plugins for Editor in 0.00 ms.
Mono: successfully reloaded assembly
- Completed reload, in 10.373 seconds
Platform modules already initialized, skipping
Registering precompiled user dll's ...
Registered in 0.106561 seconds.
Begin MonoManager ReloadAssembly
Native extension for Lumin target not found
Native extension for LinuxStandalone target not found
Native extension for WindowsStandalone target not found
Native extension for OSXStandalone target not found
Native extension for WebGL target not found
Refreshing native plugins compatible for Editor in 0.38 ms, found 2 plugins.
Preloading 0 native plugins for Editor in 0.00 ms.
Mono: successfully reloaded assembly
- Completed reload, in  1.606 seconds
Platform modules already initialized, skipping
========================================================================
Worker process is ready to serve import requests
Launched and connected shader compiler UnityShaderCompiler.exe after 0.12 seconds
Refreshing native plugins compatible for Editor in 0.31 ms, found 2 plugins.
Preloading 0 native plugins for Editor in 0.00 ms.
Unloading 1386 Unused Serialized files (Serialized files now loaded: 0)
System memory in use before: 64.7 MB.
System memory in use after: 64.7 MB.

Unloading 19 unused Assets to reduce memory usage. Loaded Objects now: 1820.
Total: 2.054100 ms (FindLiveObjects: 0.192900 ms CreateObjectMapping: 0.035300 ms MarkObjects: 1.746700 ms  DeleteObjects: 0.078200 ms)

========================================================================
Received Import Request.
  path: Assets/Plane.mat
  artifactKey: Guid(29aae4ed56ec3fb45b7735502669cb8d) Importer(815301076,1909f56bfc062723c751e8b465ee728b)
Start importing Assets/Plane.mat using Guid(29aae4ed56ec3fb45b7735502669cb8d) Importer(815301076,1909f56bfc062723c751e8b465ee728b)  -> (artifact id: '495453cabcf64f31ddfbdfd930b49d68') in 0.341208 seconds
  Import took 0.362959 seconds .

========================================================================
Received Import Request.
  Time since last request: 859.257884 seconds.
  path: Assets/Player.prefab
  artifactKey: Guid(cb10489b14af0854797c9a105f6ecccf) Importer(815301076,1909f56bfc062723c751e8b465ee728b)
Start importing Assets/Player.prefab using Guid(cb10489b14af0854797c9a105f6ecccf) Importer(815301076,1909f56bfc062723c751e8b465ee728b)  -> (artifact id: 'c24766cb00aad8bc5da5610689164cd8') in 0.046846 seconds
  Import took 0.050449 seconds .

========================================================================
Received Import Request.
  Time since last request: 1442.446013 seconds.
  path: Assets/Plane.mat
  artifactKey: Guid(29aae4ed56ec3fb45b7735502669cb8d) Importer(815301076,1909f56bfc062723c751e8b465ee728b)
Start importing Assets/Plane.mat using Guid(29aae4ed56ec3fb45b7735502669cb8d) Importer(815301076,1909f56bfc062723c751e8b465ee728b)  -> (artifact id: '5097b161ad7ed00d7f41ecfa7ff7d319') in 0.039670 seconds
  Import took 0.055047 seconds .

========================================================================
Received Import Request.
  Time since last request: 0.000155 seconds.
  path: Assets/Player.prefab
  artifactKey: Guid(cb10489b14af0854797c9a105f6ecccf) Importer(815301076,1909f56bfc062723c751e8b465ee728b)
Start importing Assets/Player.prefab using Guid(cb10489b14af0854797c9a105f6ecccf) Importer(815301076,1909f56bfc062723c751e8b465ee728b)  -> (artifact id: 'c53a6169f7426e09cbff4d7ecaf4cfd4') in 0.016024 seconds
  Import took 0.018838 seconds .

========================================================================
Received Import Request.
  Time since last request: 2666.097985 seconds.
  path: Assets/Cube.prefab
  artifactKey: Guid(677d56fd31515974881239e0536ddb59) Importer(815301076,1909f56bfc062723c751e8b465ee728b)
Start importing Assets/Cube.prefab using Guid(677d56fd31515974881239e0536ddb59) Importer(815301076,1909f56bfc062723c751e8b465ee728b)  -> (artifact id: '4438bc173c877400679d907eb4dd109a') in 0.043210 seconds
  Import took 0.065428 seconds .

========================================================================
Received Import Request.
  Time since last request: 39.639387 seconds.
  path: Assets/Cube.prefab
  artifactKey: Guid(677d56fd31515974881239e0536ddb59) Importer(815301076,1909f56bfc062723c751e8b465ee728b)
Start importing Assets/Cube.prefab using Guid(677d56fd31515974881239e0536ddb59) Importer(815301076,1909f56bfc062723c751e8b465ee728b)  -> (artifact id: '4b962a5fc8a55be3e6adb11d6bd93fa8') in 0.008554 seconds
  Import took 0.011874 seconds .

========================================================================
Received Import Request.
  Time since last request: 39.782713 seconds.
  path: Assets/Pillow.prefab
  artifactKey: Guid(872e5fdfd6f22a24db9b92a4d27ab11d) Importer(815301076,1909f56bfc062723c751e8b465ee728b)
Start importing Assets/Pillow.prefab using Guid(872e5fdfd6f22a24db9b92a4d27ab11d) Importer(815301076,1909f56bfc062723c751e8b465ee728b)  -> (artifact id: '332e291f966a40ed2f557b054f547d89') in 0.012696 seconds
  Import took 0.061475 seconds .

========================================================================
Received Import Request.
  Time since last request: 11.283021 seconds.
  path: Assets/Pillow.prefab
  artifactKey: Guid(872e5fdfd6f22a24db9b92a4d27ab11d) Importer(815301076,1909f56bfc062723c751e8b465ee728b)
Start importing Assets/Pillow.prefab using Guid(872e5fdfd6f22a24db9b92a4d27ab11d) Importer(815301076,1909f56bfc062723c751e8b465ee728b)  -> (artifact id: '8a53d6ebb350bf901b69f58cac4acb92') in 0.011864 seconds
  Import took 0.014832 seconds .

========================================================================
Received Import Request.
  Time since last request: 9.048102 seconds.
  path: Assets/Pillow.prefab
  artifactKey: Guid(872e5fdfd6f22a24db9b92a4d27ab11d) Importer(815301076,1909f56bfc062723c751e8b465ee728b)
Start importing Assets/Pillow.prefab using Guid(872e5fdfd6f22a24db9b92a4d27ab11d) Importer(815301076,1909f56bfc062723c751e8b465ee728b)  -> (artifact id: 'cba7be4b7417ca4a57406de5aaf40c11') in 0.011252 seconds
  Import took 0.014161 seconds .

========================================================================
Received Import Request.
  Time since last request: 4.216803 seconds.
  path: Assets/Pillow.prefab
  artifactKey: Guid(872e5fdfd6f22a24db9b92a4d27ab11d) Importer(815301076,1909f56bfc062723c751e8b465ee728b)
Start importing Assets/Pillow.prefab using Guid(872e5fdfd6f22a24db9b92a4d27ab11d) Importer(815301076,1909f56bfc062723c751e8b465ee728b)  -> (artifact id: 'e256920a3513871bf87f4b3999626f92') in 0.008839 seconds
  Import took 0.063762 seconds .

========================================================================
Received Import Request.
  Time since last request: 23.303477 seconds.
  path: Assets/Pillow.prefab
  artifactKey: Guid(872e5fdfd6f22a24db9b92a4d27ab11d) Importer(815301076,1909f56bfc062723c751e8b465ee728b)
Start importing Assets/Pillow.prefab using Guid(872e5fdfd6f22a24db9b92a4d27ab11d) Importer(815301076,1909f56bfc062723c751e8b465ee728b)  -> (artifact id: '9c5366ae7a81701dacc4f530a5b04251') in 0.008336 seconds
  Import took 0.011253 seconds .

========================================================================
Received Import Request.
  Time since last request: 11.277255 seconds.
  path: Assets/Pillow.prefab
  artifactKey: Guid(872e5fdfd6f22a24db9b92a4d27ab11d) Importer(815301076,1909f56bfc062723c751e8b465ee728b)
Start importing Assets/Pillow.prefab using Guid(872e5fdfd6f22a24db9b92a4d27ab11d) Importer(815301076,1909f56bfc062723c751e8b465ee728b)  -> (artifact id: '941eb9b95fa0800898de90451a6a3480') in 0.010830 seconds
  Import took 0.013305 seconds .

========================================================================
Received Import Request.
  Time since last request: 5.058750 seconds.
  path: Assets/Pillow.prefab
  artifactKey: Guid(872e5fdfd6f22a24db9b92a4d27ab11d) Importer(815301076,1909f56bfc062723c751e8b465ee728b)
Start importing Assets/Pillow.prefab using Guid(872e5fdfd6f22a24db9b92a4d27ab11d) Importer(815301076,1909f56bfc062723c751e8b465ee728b)  -> (artifact id: '69df1469285338f98512f7d054e3c9f9') in 0.025959 seconds
  Import took 0.028557 seconds .

========================================================================
Received Import Request.
  Time since last request: 10.259824 seconds.
  path: Assets/Pillow.prefab
  artifactKey: Guid(872e5fdfd6f22a24db9b92a4d27ab11d) Importer(815301076,1909f56bfc062723c751e8b465ee728b)
Start importing Assets/Pillow.prefab using Guid(872e5fdfd6f22a24db9b92a4d27ab11d) Importer(815301076,1909f56bfc062723c751e8b465ee728b)  -> (artifact id: '69cbd372c3e6f7f4625c7fdbf8b9cb0e') in 0.014359 seconds
  Import took 0.017089 seconds .

========================================================================
Received Import Request.
  Time since last request: 3.791182 seconds.
  path: Assets/Pillow.prefab
  artifactKey: Guid(872e5fdfd6f22a24db9b92a4d27ab11d) Importer(815301076,1909f56bfc062723c751e8b465ee728b)
Start importing Assets/Pillow.prefab using Guid(872e5fdfd6f22a24db9b92a4d27ab11d) Importer(815301076,1909f56bfc062723c751e8b465ee728b)  -> (artifact id: '29eae0eb94b432e397536adefdd4e144') in 0.011266 seconds
  Import took 0.014291 seconds .

========================================================================
Received Import Request.
  Time since last request: 6.239269 seconds.
  path: Assets/Pillow.prefab
  artifactKey: Guid(872e5fdfd6f22a24db9b92a4d27ab11d) Importer(815301076,1909f56bfc062723c751e8b465ee728b)
Start importing Assets/Pillow.prefab using Guid(872e5fdfd6f22a24db9b92a4d27ab11d) Importer(815301076,1909f56bfc062723c751e8b465ee728b)  -> (artifact id: '01591f3dc3700c85a6eec62f5ba339bc') in 0.006688 seconds
  Import took 0.009379 seconds .

========================================================================
Received Import Request.
  Time since last request: 4.438769 seconds.
  path: Assets/Pillow.prefab
  artifactKey: Guid(872e5fdfd6f22a24db9b92a4d27ab11d) Importer(815301076,1909f56bfc062723c751e8b465ee728b)
Start importing Assets/Pillow.prefab using Guid(872e5fdfd6f22a24db9b92a4d27ab11d) Importer(815301076,1909f56bfc062723c751e8b465ee728b)  -> (artifact id: '054f4f5393ddd462ee5a7c315519f98c') in 0.011895 seconds
  Import took 0.014450 seconds .

========================================================================
Received Import Request.
  Time since last request: 15.950451 seconds.
  path: Assets/Pillow.prefab
  artifactKey: Guid(872e5fdfd6f22a24db9b92a4d27ab11d) Importer(815301076,1909f56bfc062723c751e8b465ee728b)
Start importing Assets/Pillow.prefab using Guid(872e5fdfd6f22a24db9b92a4d27ab11d) Importer(815301076,1909f56bfc062723c751e8b465ee728b)  -> (artifact id: '09141d53548725be2c0880e5d4d1b630') in 0.010615 seconds
  Import took 0.014042 seconds .

========================================================================
Received Import Request.
  Time since last request: 2.194015 seconds.
  path: Assets/Pillow.prefab
  artifactKey: Guid(872e5fdfd6f22a24db9b92a4d27ab11d) Importer(815301076,1909f56bfc062723c751e8b465ee728b)
Start importing Assets/Pillow.prefab using Guid(872e5fdfd6f22a24db9b92a4d27ab11d) Importer(815301076,1909f56bfc062723c751e8b465ee728b)  -> (artifact id: 'ea74d77ab8c49b0fd7ea6ea9ff949909') in 0.010923 seconds
  Import took 0.013619 seconds .

========================================================================
Received Import Request.
  Time since last request: 1.401171 seconds.
  path: Assets/Pillow.prefab
  artifactKey: Guid(872e5fdfd6f22a24db9b92a4d27ab11d) Importer(815301076,1909f56bfc062723c751e8b465ee728b)
Start importing Assets/Pillow.prefab using Guid(872e5fdfd6f22a24db9b92a4d27ab11d) Importer(815301076,1909f56bfc062723c751e8b465ee728b)  -> (artifact id: '03c76d533738a8d590f3dccd3ad0b164') in 0.011702 seconds
  Import took 0.014369 seconds .

========================================================================
Received Import Request.
  Time since last request: 63.745280 seconds.
  path: Assets/Pillow.prefab
  artifactKey: Guid(872e5fdfd6f22a24db9b92a4d27ab11d) Importer(815301076,1909f56bfc062723c751e8b465ee728b)
Start importing Assets/Pillow.prefab using Guid(872e5fdfd6f22a24db9b92a4d27ab11d) Importer(815301076,1909f56bfc062723c751e8b465ee728b)  -> (artifact id: 'd18a5fd6ca9da61fb210471a3834285f') in 0.011623 seconds
  Import took 0.014427 seconds .

========================================================================
Received Import Request.
  Time since last request: 10417.348645 seconds.
  path: Assets
  artifactKey: Guid(00000000000000001000000000000000) Importer(815301076,1909f56bfc062723c751e8b465ee728b)
Start importing Assets using Guid(00000000000000001000000000000000) Importer(815301076,1909f56bfc062723c751e8b465ee728b)  -> (artifact id: '42d402b061de3733987d63b9cc3b64de') in 0.016079 seconds
  Import took 0.029672 seconds .

========================================================================
Received Import Request.
  Time since last request: 18.480808 seconds.
  path: Assets/Prefabs
  artifactKey: Guid(a669d3d764f210f42a7021eab68ae551) Importer(815301076,1909f56bfc062723c751e8b465ee728b)
Start importing Assets/Prefabs using Guid(a669d3d764f210f42a7021eab68ae551) Importer(815301076,1909f56bfc062723c751e8b465ee728b)  -> (artifact id: 'ee10ffacee469ed89a76d477b40bd126') in 0.007295 seconds
  Import took 0.018803 seconds .

========================================================================
Received Import Request.
  Time since last request: 21.544403 seconds.
  path: Assets/Materials
  artifactKey: Guid(d12fee4a94a44d94fafef2a2d60afecd) Importer(815301076,1909f56bfc062723c751e8b465ee728b)
Start importing Assets/Materials using Guid(d12fee4a94a44d94fafef2a2d60afecd) Importer(815301076,1909f56bfc062723c751e8b465ee728b)  -> (artifact id: '2ca64697f5dae5b939a997aee8fb9545') in 0.007064 seconds
  Import took 0.009878 seconds .

========================================================================
Received Import Request.
  Time since last request: 110.191760 seconds.
  path: Assets/Resources
  artifactKey: Guid(997247d4f4aedad4abe3738f39190f9a) Importer(815301076,1909f56bfc062723c751e8b465ee728b)
Start importing Assets/Resources using Guid(997247d4f4aedad4abe3738f39190f9a) Importer(815301076,1909f56bfc062723c751e8b465ee728b)  -> (artifact id: '4072dacdff67d30e82c4b359c000b790') in 0.006937 seconds
  Import took 0.010101 seconds .

========================================================================
Received Import Request.
  Time since last request: 494.309767 seconds.
  path: Assets/Scripts.cs
  artifactKey: Guid(35598a3b9ad1d20448c777b7f517a5af) Importer(815301076,1909f56bfc062723c751e8b465ee728b)
Start importing Assets/Scripts.cs using Guid(35598a3b9ad1d20448c777b7f517a5af) Importer(815301076,1909f56bfc062723c751e8b465ee728b)  -> (artifact id: '5a88666f0155858cbfa83bee6c81fa41') in 0.035441 seconds
  Import took 0.055534 seconds .

========================================================================
Received Prepare
Registering precompiled user dll's ...
Registered in 0.192027 seconds.
Begin MonoManager ReloadAssembly
Native extension for Lumin target not found
Native extension for LinuxStandalone target not found
Native extension for WindowsStandalone target not found
Native extension for OSXStandalone target not found
Native extension for WebGL target not found
Refreshing native plugins compatible for Editor in 0.35 ms, found 2 plugins.
Preloading 0 native plugins for Editor in 0.00 ms.
Mono: successfully reloaded assembly
- Completed reload, in  1.692 seconds
Platform modules already initialized, skipping
Refreshing native plugins compatible for Editor in 0.33 ms, found 2 plugins.
Preloading 0 native plugins for Editor in 0.00 ms.
Unloading 1382 Unused Serialized files (Serialized files now loaded: 0)
System memory in use before: 68.1 MB.
System memory in use after: 68.2 MB.

Unloading 16 unused Assets to reduce memory usage. Loaded Objects now: 1867.
Total: 100.502300 ms (FindLiveObjects: 21.465800 ms CreateObjectMapping: 0.091100 ms MarkObjects: 78.364200 ms  DeleteObjects: 0.579400 ms)

========================================================================
Received Prepare
Registering precompiled user dll's ...
Registered in 0.003045 seconds.
Begin MonoManager ReloadAssembly
Native extension for Lumin target not found
Native extension for LinuxStandalone target not found
Native extension for WindowsStandalone target not found
Native extension for OSXStandalone target not found
Native extension for WebGL target not found
Refreshing native plugins compatible for Editor in 0.35 ms, found 2 plugins.
Preloading 0 native plugins for Editor in 0.00 ms.
Mono: successfully reloaded assembly
- Completed reload, in  0.975 seconds
Platform modules already initialized, skipping
Refreshing native plugins compatible for Editor in 0.33 ms, found 2 plugins.
Preloading 0 native plugins for Editor in 0.00 ms.
Unloading 1381 Unused Serialized files (Serialized files now loaded: 0)
System memory in use before: 68.1 MB.
System memory in use after: 68.2 MB.

Unloading 15 unused Assets to reduce memory usage. Loaded Objects now: 1869.
Total: 2.079300 ms (FindLiveObjects: 0.161000 ms CreateObjectMapping: 0.036900 ms MarkObjects: 1.784200 ms  DeleteObjects: 0.096100 ms)

========================================================================
Received Import Request.
  Time since last request: 74.580125 seconds.
  path: Assets/Scenes
  artifactKey: Guid(40bf7846a082336449ad80db3113d3c7) Importer(815301076,1909f56bfc062723c751e8b465ee728b)
Start importing Assets/Scenes using Guid(40bf7846a082336449ad80db3113d3c7) Importer(815301076,1909f56bfc062723c751e8b465ee728b)  -> (artifact id: '5c31f98eb972731d959d99cd70552b96') in 0.024794 seconds
  Import took 0.052438 seconds .

========================================================================
Received Import Request.
  Time since last request: 7.048955 seconds.
  path: Assets/Scripts
  artifactKey: Guid(e316cf8ae86268b41a3e418853c3509b) Importer(815301076,1909f56bfc062723c751e8b465ee728b)
Start importing Assets/Scripts using Guid(e316cf8ae86268b41a3e418853c3509b) Importer(815301076,1909f56bfc062723c751e8b465ee728b)  -> (artifact id: 'aa757799433f115687f8aec126bcf7f5') in 0.002239 seconds
  Import took 0.109116 seconds .

========================================================================
Received Import Request.
  Time since last request: 8.633361 seconds.
  path: Assets/Scripts/Pillow.cs
  artifactKey: Guid(2c113c0c4e410ab47a295a2932238403) Importer(815301076,1909f56bfc062723c751e8b465ee728b)
Start importing Assets/Scripts/Pillow.cs using Guid(2c113c0c4e410ab47a295a2932238403) Importer(815301076,1909f56bfc062723c751e8b465ee728b)  -> (artifact id: 'b11876fdebe73255991dd86d12aef470') in 0.006197 seconds
  Import took 0.036002 seconds .

========================================================================
Received Prepare
Registering precompiled user dll's ...
Registered in 0.003011 seconds.
Begin MonoManager ReloadAssembly
Native extension for Lumin target not found
Native extension for LinuxStandalone target not found
Native extension for WindowsStandalone target not found
Native extension for OSXStandalone target not found
Native extension for WebGL target not found
Refreshing native plugins compatible for Editor in 0.33 ms, found 2 plugins.
Preloading 0 native plugins for Editor in 0.00 ms.
Mono: successfully reloaded assembly
- Completed reload, in  1.021 seconds
Platform modules already initialized, skipping
Refreshing native plugins compatible for Editor in 0.42 ms, found 2 plugins.
Preloading 0 native plugins for Editor in 0.00 ms.
Unloading 1382 Unused Serialized files (Serialized files now loaded: 0)
System memory in use before: 68.1 MB.
System memory in use after: 68.2 MB.

Unloading 14 unused Assets to reduce memory usage. Loaded Objects now: 1873.
Total: 2.262700 ms (FindLiveObjects: 0.229000 ms CreateObjectMapping: 0.043800 ms MarkObjects: 1.928800 ms  DeleteObjects: 0.059900 ms)

========================================================================
Received Prepare
Registering precompiled user dll's ...
Registered in 0.028259 seconds.
Begin MonoManager ReloadAssembly
Native extension for Lumin target not found
Native extension for LinuxStandalone target not found
Native extension for WindowsStandalone target not found
Native extension for OSXStandalone target not found
Native extension for WebGL target not found
Refreshing native plugins compatible for Editor in 0.33 ms, found 2 plugins.
Preloading 0 native plugins for Editor in 0.00 ms.
Mono: successfully reloaded assembly
- Completed reload, in  1.155 seconds
Platform modules already initialized, skipping
Refreshing native plugins compatible for Editor in 0.33 ms, found 2 plugins.
Preloading 0 native plugins for Editor in 0.00 ms.
Unloading 1382 Unused Serialized files (Serialized files now loaded: 0)
System memory in use before: 68.1 MB.
System memory in use after: 68.2 MB.

Unloading 14 unused Assets to reduce memory usage. Loaded Objects now: 1876.
Total: 1.991500 ms (FindLiveObjects: 0.156500 ms CreateObjectMapping: 0.035000 ms MarkObjects: 1.718700 ms  DeleteObjects: 0.079900 ms)

========================================================================
Received Import Request.
  Time since last request: 2529.397694 seconds.
  path: Assets/Scripts/Pillow.cs
  artifactKey: Guid(2c113c0c4e410ab47a295a2932238403) Importer(815301076,1909f56bfc062723c751e8b465ee728b)
Start importing Assets/Scripts/Pillow.cs using Guid(2c113c0c4e410ab47a295a2932238403) Importer(815301076,1909f56bfc062723c751e8b465ee728b)  -> (artifact id: '69f11485e37c9c108c8de83b06d00199') in 0.004619 seconds
  Import took 0.026093 seconds .

========================================================================
Received Prepare
Registering precompiled user dll's ...
Registered in 0.003130 seconds.
Begin MonoManager ReloadAssembly
Native extension for Lumin target not found
Native extension for LinuxStandalone target not found
Native extension for WindowsStandalone target not found
Native extension for OSXStandalone target not found
Native extension for WebGL target not found
Refreshing native plugins compatible for Editor in 0.33 ms, found 2 plugins.
Preloading 0 native plugins for Editor in 0.00 ms.
Mono: successfully reloaded assembly
- Completed reload, in  0.996 seconds
Platform modules already initialized, skipping
Refreshing native plugins compatible for Editor in 0.34 ms, found 2 plugins.
Preloading 0 native plugins for Editor in 0.00 ms.
Unloading 1382 Unused Serialized files (Serialized files now loaded: 0)
System memory in use before: 68.1 MB.
System memory in use after: 68.2 MB.

Unloading 14 unused Assets to reduce memory usage. Loaded Objects now: 1879.
Total: 2.105200 ms (FindLiveObjects: 0.165300 ms CreateObjectMapping: 0.034600 ms MarkObjects: 1.842500 ms  DeleteObjects: 0.061900 ms)

========================================================================
Received Import Request.
  Time since last request: 21.898929 seconds.
  path: Assets/Scripts/Pillow.cs
  artifactKey: Guid(2c113c0c4e410ab47a295a2932238403) Importer(815301076,1909f56bfc062723c751e8b465ee728b)
Start importing Assets/Scripts/Pillow.cs using Guid(2c113c0c4e410ab47a295a2932238403) Importer(815301076,1909f56bfc062723c751e8b465ee728b)  -> (artifact id: 'b6af7780ab030c31a71648e6e5562721') in 0.004474 seconds
  Import took 0.029505 seconds .

========================================================================
Received Import Request.
  Time since last request: 2.674123 seconds.
  path: Assets/Scripts/PillowManager.cs
  artifactKey: Guid(2c113c0c4e410ab47a295a2932238403) Importer(815301076,1909f56bfc062723c751e8b465ee728b)
Start importing Assets/Scripts/PillowManager.cs using Guid(2c113c0c4e410ab47a295a2932238403) Importer(815301076,1909f56bfc062723c751e8b465ee728b)  -> (artifact id: 'aa196b5c4649aabf57eeeea6efbe2c1f') in 0.006465 seconds
  Import took 0.009031 seconds .

========================================================================
Received Prepare
Registering precompiled user dll's ...
Registered in 0.003043 seconds.
Begin MonoManager ReloadAssembly
Native extension for Lumin target not found
Native extension for LinuxStandalone target not found
Native extension for WindowsStandalone target not found
Native extension for OSXStandalone target not found
Native extension for WebGL target not found
Refreshing native plugins compatible for Editor in 0.33 ms, found 2 plugins.
Preloading 0 native plugins for Editor in 0.00 ms.
Mono: successfully reloaded assembly
- Completed reload, in  0.974 seconds
Platform modules already initialized, skipping
Refreshing native plugins compatible for Editor in 0.33 ms, found 2 plugins.
Preloading 0 native plugins for Editor in 0.00 ms.
Unloading 1382 Unused Serialized files (Serialized files now loaded: 0)
System memory in use before: 68.2 MB.
System memory in use after: 68.2 MB.

Unloading 14 unused Assets to reduce memory usage. Loaded Objects now: 1882.
Total: 2.325900 ms (FindLiveObjects: 0.157400 ms CreateObjectMapping: 0.036200 ms MarkObjects: 2.069400 ms  DeleteObjects: 0.061700 ms)

========================================================================
Received Prepare
Registering precompiled user dll's ...
Registered in 0.003466 seconds.
Begin MonoManager ReloadAssembly
Native extension for Lumin target not found
Native extension for LinuxStandalone target not found
Native extension for WindowsStandalone target not found
Native extension for OSXStandalone target not found
Native extension for WebGL target not found
Refreshing native plugins compatible for Editor in 0.33 ms, found 2 plugins.
Preloading 0 native plugins for Editor in 0.00 ms.
Mono: successfully reloaded assembly
- Completed reload, in  1.032 seconds
Platform modules already initialized, skipping
Refreshing native plugins compatible for Editor in 0.32 ms, found 2 plugins.
Preloading 0 native plugins for Editor in 0.00 ms.
Unloading 1382 Unused Serialized files (Serialized files now loaded: 0)
System memory in use before: 68.2 MB.
System memory in use after: 68.2 MB.

Unloading 14 unused Assets to reduce memory usage. Loaded Objects now: 1885.
Total: 2.121900 ms (FindLiveObjects: 0.165600 ms CreateObjectMapping: 0.034000 ms MarkObjects: 1.858300 ms  DeleteObjects: 0.063100 ms)

========================================================================
Received Import Request.
  Time since last request: 623.660787 seconds.
  path: Assets/Scripts/PillowManager.cs
  artifactKey: Guid(2c113c0c4e410ab47a295a2932238403) Importer(815301076,1909f56bfc062723c751e8b465ee728b)
Start importing Assets/Scripts/PillowManager.cs using Guid(2c113c0c4e410ab47a295a2932238403) Importer(815301076,1909f56bfc062723c751e8b465ee728b)  -> (artifact id: 'dad7df34ea21c6aaff505231776e9d49') in 0.004584 seconds
  Import took 0.024053 seconds .

========================================================================
Received Prepare
Registering precompiled user dll's ...
Registered in 0.003067 seconds.
Begin MonoManager ReloadAssembly
Native extension for Lumin target not found
Native extension for LinuxStandalone target not found
Native extension for WindowsStandalone target not found
Native extension for OSXStandalone target not found
Native extension for WebGL target not found
Refreshing native plugins compatible for Editor in 0.45 ms, found 2 plugins.
Preloading 0 native plugins for Editor in 0.00 ms.
Mono: successfully reloaded assembly
- Completed reload, in  1.011 seconds
Platform modules already initialized, skipping
Refreshing native plugins compatible for Editor in 0.43 ms, found 2 plugins.
Preloading 0 native plugins for Editor in 0.00 ms.
Unloading 1383 Unused Serialized files (Serialized files now loaded: 0)
System memory in use before: 68.2 MB.
System memory in use after: 68.3 MB.

Unloading 14 unused Assets to reduce memory usage. Loaded Objects now: 1889.
Total: 1.971400 ms (FindLiveObjects: 0.158400 ms CreateObjectMapping: 0.036600 ms MarkObjects: 1.719300 ms  DeleteObjects: 0.056000 ms)

========================================================================
Received Import Request.
  Time since last request: 13.897811 seconds.
  path: Assets/Scripts/NewBehaviourScript.cs
  artifactKey: Guid(79bafc4e7509cd44893d2b450a3758b0) Importer(815301076,1909f56bfc062723c751e8b465ee728b)
Start importing Assets/Scripts/NewBehaviourScript.cs using Guid(79bafc4e7509cd44893d2b450a3758b0) Importer(815301076,1909f56bfc062723c751e8b465ee728b)  -> (artifact id: '39146b13b05c30c337df5d694cff94d5') in 0.021220 seconds
  Import took 0.047754 seconds .

========================================================================
Received Prepare
Registering precompiled user dll's ...
Registered in 0.003074 seconds.
Begin MonoManager ReloadAssembly
Native extension for Lumin target not found
Native extension for LinuxStandalone target not found
Native extension for WindowsStandalone target not found
Native extension for OSXStandalone target not found
Native extension for WebGL target not found
Refreshing native plugins compatible for Editor in 0.33 ms, found 2 plugins.
Preloading 0 native plugins for Editor in 0.00 ms.
Mono: successfully reloaded assembly
- Completed reload, in  1.005 seconds
Platform modules already initialized, skipping
Refreshing native plugins compatible for Editor in 0.32 ms, found 2 plugins.
Preloading 0 native plugins for Editor in 0.00 ms.
Unloading 1382 Unused Serialized files (Serialized files now loaded: 0)
System memory in use before: 68.2 MB.
System memory in use after: 68.2 MB.

Unloading 15 unused Assets to reduce memory usage. Loaded Objects now: 1891.
Total: 1.995100 ms (FindLiveObjects: 0.183400 ms CreateObjectMapping: 0.035900 ms MarkObjects: 1.713300 ms  DeleteObjects: 0.061200 ms)

========================================================================
Received Import Request.
  Time since last request: 29.688735 seconds.
  path: Assets/Scripts/Fixik.cs
  artifactKey: Guid(f3c496f9989691e48b82486958248382) Importer(815301076,1909f56bfc062723c751e8b465ee728b)
Start importing Assets/Scripts/Fixik.cs using Guid(f3c496f9989691e48b82486958248382) Importer(815301076,1909f56bfc062723c751e8b465ee728b)  -> (artifact id: 'a676353d00114913fd2d955704448181') in 0.009647 seconds
  Import took 0.071756 seconds .

========================================================================
Received Prepare
Registering precompiled user dll's ...
Registered in 0.003240 seconds.
Begin MonoManager ReloadAssembly
Native extension for Lumin target not found
Native extension for LinuxStandalone target not found
Native extension for WindowsStandalone target not found
Native extension for OSXStandalone target not found
Native extension for WebGL target not found
Refreshing native plugins compatible for Editor in 0.35 ms, found 2 plugins.
Preloading 0 native plugins for Editor in 0.00 ms.
Mono: successfully reloaded assembly
- Completed reload, in  1.053 seconds
Platform modules already initialized, skipping
Refreshing native plugins compatible for Editor in 0.32 ms, found 2 plugins.
Preloading 0 native plugins for Editor in 0.00 ms.
Unloading 1383 Unused Serialized files (Serialized files now loaded: 0)
System memory in use before: 68.2 MB.
System memory in use after: 68.3 MB.

Unloading 14 unused Assets to reduce memory usage. Loaded Objects now: 1895.
Total: 2.210300 ms (FindLiveObjects: 0.177900 ms CreateObjectMapping: 0.037100 ms MarkObjects: 1.921200 ms  DeleteObjects: 0.072400 ms)

========================================================================
Received Prepare
Registering precompiled user dll's ...
Registered in 0.003415 seconds.
Begin MonoManager ReloadAssembly
Native extension for Lumin target not found
Native extension for LinuxStandalone target not found
Native extension for WindowsStandalone target not found
Native extension for OSXStandalone target not found
Native extension for WebGL target not found
Refreshing native plugins compatible for Editor in 0.33 ms, found 2 plugins.
Preloading 0 native plugins for Editor in 0.00 ms.
Mono: successfully reloaded assembly
- Completed reload, in  0.983 seconds
Platform modules already initialized, skipping
Refreshing native plugins compatible for Editor in 0.33 ms, found 2 plugins.
Preloading 0 native plugins for Editor in 0.00 ms.
Unloading 1383 Unused Serialized files (Serialized files now loaded: 0)
System memory in use before: 68.2 MB.
System memory in use after: 68.3 MB.

Unloading 14 unused Assets to reduce memory usage. Loaded Objects now: 1898.
Total: 2.423300 ms (FindLiveObjects: 0.189800 ms CreateObjectMapping: 0.034600 ms MarkObjects: 2.131500 ms  DeleteObjects: 0.066500 ms)

========================================================================
Received Import Request.
  Time since last request: 420.479948 seconds.
  path: Assets/Scripts/Fixik.cs
  artifactKey: Guid(f3c496f9989691e48b82486958248382) Importer(815301076,1909f56bfc062723c751e8b465ee728b)
Start importing Assets/Scripts/Fixik.cs using Guid(f3c496f9989691e48b82486958248382) Importer(815301076,1909f56bfc062723c751e8b465ee728b)  -> (artifact id: '56a3938fab303eebef2efa831ce602bd') in 0.004471 seconds
  Import took 0.026199 seconds .

========================================================================
Received Prepare
Registering precompiled user dll's ...
Registered in 0.003001 seconds.
Begin MonoManager ReloadAssembly
Native extension for Lumin target not found
Native extension for LinuxStandalone target not found
Native extension for WindowsStandalone target not found
Native extension for OSXStandalone target not found
Native extension for WebGL target not found
Refreshing native plugins compatible for Editor in 0.37 ms, found 2 plugins.
Preloading 0 native plugins for Editor in 0.00 ms.
Mono: successfully reloaded assembly
- Completed reload, in  0.995 seconds
Platform modules already initialized, skipping
Refreshing native plugins compatible for Editor in 0.39 ms, found 2 plugins.
Preloading 0 native plugins for Editor in 0.00 ms.
Unloading 1383 Unused Serialized files (Serialized files now loaded: 0)
System memory in use before: 68.2 MB.
System memory in use after: 68.3 MB.

Unloading 14 unused Assets to reduce memory usage. Loaded Objects now: 1901.
Total: 2.649200 ms (FindLiveObjects: 0.186400 ms CreateObjectMapping: 0.035500 ms MarkObjects: 2.355300 ms  DeleteObjects: 0.069900 ms)

========================================================================
Received Prepare
Registering precompiled user dll's ...
Registered in 0.003179 seconds.
Begin MonoManager ReloadAssembly
Native extension for Lumin target not found
Native extension for LinuxStandalone target not found
Native extension for WindowsStandalone target not found
Native extension for OSXStandalone target not found
Native extension for WebGL target not found
Refreshing native plugins compatible for Editor in 0.33 ms, found 2 plugins.
Preloading 0 native plugins for Editor in 0.00 ms.
Mono: successfully reloaded assembly
- Completed reload, in  0.985 seconds
Platform modules already initialized, skipping
Refreshing native plugins compatible for Editor in 0.66 ms, found 2 plugins.
Preloading 0 native plugins for Editor in 0.00 ms.
Unloading 1383 Unused Serialized files (Serialized files now loaded: 0)
System memory in use before: 68.2 MB.
System memory in use after: 68.3 MB.

Unloading 14 unused Assets to reduce memory usage. Loaded Objects now: 1904.
Total: 2.560400 ms (FindLiveObjects: 0.180900 ms CreateObjectMapping: 0.036500 ms MarkObjects: 2.277900 ms  DeleteObjects: 0.063500 ms)

========================================================================
Received Import Request.
  Time since last request: 473.726644 seconds.
  path: Assets/Resources/Prefabs/Player.prefab
  artifactKey: Guid(cb10489b14af0854797c9a105f6ecccf) Importer(815301076,1909f56bfc062723c751e8b465ee728b)
Start importing Assets/Resources/Prefabs/Player.prefab using Guid(cb10489b14af0854797c9a105f6ecccf) Importer(815301076,1909f56bfc062723c751e8b465ee728b)  -> (artifact id: 'e8a83a8610875532f0539222e5e7aaa6') in 0.879977 seconds
  Import took 0.882743 seconds .

========================================================================
Received Prepare
Registering precompiled user dll's ...
Registered in 0.003156 seconds.
Begin MonoManager ReloadAssembly
Native extension for Lumin target not found
Native extension for LinuxStandalone target not found
Native extension for WindowsStandalone target not found
Native extension for OSXStandalone target not found
Native extension for WebGL target not found
Refreshing native plugins compatible for Editor in 0.33 ms, found 2 plugins.
Preloading 0 native plugins for Editor in 0.00 ms.
Mono: successfully reloaded assembly
- Completed reload, in  0.952 seconds
Platform modules already initialized, skipping
Refreshing native plugins compatible for Editor in 0.33 ms, found 2 plugins.
Preloading 0 native plugins for Editor in 0.00 ms.
Unloading 1383 Unused Serialized files (Serialized files now loaded: 0)
System memory in use before: 68.2 MB.
System memory in use after: 68.3 MB.

Unloading 15 unused Assets to reduce memory usage. Loaded Objects now: 1908.
Total: 2.037600 ms (FindLiveObjects: 0.160500 ms CreateObjectMapping: 0.035700 ms MarkObjects: 1.779700 ms  DeleteObjects: 0.060700 ms)

========================================================================
Received Prepare
Registering precompiled user dll's ...
Registered in 0.048432 seconds.
Begin MonoManager ReloadAssembly
Native extension for Lumin target not found
Native extension for LinuxStandalone target not found
Native extension for WindowsStandalone target not found
Native extension for OSXStandalone target not found
Native extension for WebGL target not found
Refreshing native plugins compatible for Editor in 0.55 ms, found 2 plugins.
Preloading 0 native plugins for Editor in 0.00 ms.
Mono: successfully reloaded assembly
- Completed reload, in  1.033 seconds
Platform modules already initialized, skipping
Refreshing native plugins compatible for Editor in 0.38 ms, found 2 plugins.
Preloading 0 native plugins for Editor in 0.00 ms.
Unloading 1383 Unused Serialized files (Serialized files now loaded: 0)
System memory in use before: 68.2 MB.
System memory in use after: 68.3 MB.

Unloading 14 unused Assets to reduce memory usage. Loaded Objects now: 1911.
Total: 2.449700 ms (FindLiveObjects: 0.281100 ms CreateObjectMapping: 0.039500 ms MarkObjects: 2.059500 ms  DeleteObjects: 0.067300 ms)

========================================================================
Received Prepare
Registering precompiled user dll's ...
Registered in 0.003132 seconds.
Begin MonoManager ReloadAssembly
Native extension for Lumin target not found
Native extension for LinuxStandalone target not found
Native extension for WindowsStandalone target not found
Native extension for OSXStandalone target not found
Native extension for WebGL target not found
Refreshing native plugins compatible for Editor in 0.33 ms, found 2 plugins.
Preloading 0 native plugins for Editor in 0.00 ms.
Mono: successfully reloaded assembly
- Completed reload, in  0.970 seconds
Platform modules already initialized, skipping
Refreshing native plugins compatible for Editor in 0.33 ms, found 2 plugins.
Preloading 0 native plugins for Editor in 0.00 ms.
Unloading 1383 Unused Serialized files (Serialized files now loaded: 0)
System memory in use before: 68.2 MB.
System memory in use after: 68.3 MB.

Unloading 14 unused Assets to reduce memory usage. Loaded Objects now: 1914.
Total: 2.020100 ms (FindLiveObjects: 0.162100 ms CreateObjectMapping: 0.036300 ms MarkObjects: 1.766800 ms  DeleteObjects: 0.053500 ms)

========================================================================
Received Prepare
Registering precompiled user dll's ...
Registered in 0.003110 seconds.
Begin MonoManager ReloadAssembly
Native extension for Lumin target not found
Native extension for LinuxStandalone target not found
Native extension for WindowsStandalone target not found
Native extension for OSXStandalone target not found
Native extension for WebGL target not found
Refreshing native plugins compatible for Editor in 0.35 ms, found 2 plugins.
Preloading 0 native plugins for Editor in 0.00 ms.
Mono: successfully reloaded assembly
- Completed reload, in  0.985 seconds
Platform modules already initialized, skipping
Refreshing native plugins compatible for Editor in 0.33 ms, found 2 plugins.
Preloading 0 native plugins for Editor in 0.00 ms.
Unloading 1383 Unused Serialized files (Serialized files now loaded: 0)
System memory in use before: 68.2 MB.
System memory in use after: 68.3 MB.

Unloading 14 unused Assets to reduce memory usage. Loaded Objects now: 1917.
Total: 2.018300 ms (FindLiveObjects: 0.166200 ms CreateObjectMapping: 0.036600 ms MarkObjects: 1.758500 ms  DeleteObjects: 0.055700 ms)

========================================================================
Received Prepare
Registering precompiled user dll's ...
Registered in 0.003187 seconds.
Begin MonoManager ReloadAssembly
Native extension for Lumin target not found
Native extension for LinuxStandalone target not found
Native extension for WindowsStandalone target not found
Native extension for OSXStandalone target not found
Native extension for WebGL target not found
Refreshing native plugins compatible for Editor in 0.35 ms, found 2 plugins.
Preloading 0 native plugins for Editor in 0.00 ms.
Mono: successfully reloaded assembly
- Completed reload, in  0.952 seconds
Platform modules already initialized, skipping
Refreshing native plugins compatible for Editor in 0.44 ms, found 2 plugins.
Preloading 0 native plugins for Editor in 0.00 ms.
Unloading 1383 Unused Serialized files (Serialized files now loaded: 0)
System memory in use before: 68.2 MB.
System memory in use after: 68.3 MB.

Unloading 14 unused Assets to reduce memory usage. Loaded Objects now: 1920.
Total: 2.082000 ms (FindLiveObjects: 0.166100 ms CreateObjectMapping: 0.037100 ms MarkObjects: 1.818100 ms  DeleteObjects: 0.059600 ms)

========================================================================
Received Prepare
Registering precompiled user dll's ...
Registered in 0.002978 seconds.
Begin MonoManager ReloadAssembly
Native extension for Lumin target not found
Native extension for LinuxStandalone target not found
Native extension for WindowsStandalone target not found
Native extension for OSXStandalone target not found
Native extension for WebGL target not found
Refreshing native plugins compatible for Editor in 0.33 ms, found 2 plugins.
Preloading 0 native plugins for Editor in 0.00 ms.
Mono: successfully reloaded assembly
- Completed reload, in  0.987 seconds
Platform modules already initialized, skipping
Refreshing native plugins compatible for Editor in 0.39 ms, found 2 plugins.
Preloading 0 native plugins for Editor in 0.00 ms.
Unloading 1383 Unused Serialized files (Serialized files now loaded: 0)
System memory in use before: 68.2 MB.
System memory in use after: 68.3 MB.

Unloading 14 unused Assets to reduce memory usage. Loaded Objects now: 1923.
Total: 2.194300 ms (FindLiveObjects: 0.172500 ms CreateObjectMapping: 0.036000 ms MarkObjects: 1.922400 ms  DeleteObjects: 0.061900 ms)

========================================================================
Received Prepare
Registering precompiled user dll's ...
Registered in 0.002994 seconds.
Begin MonoManager ReloadAssembly
Native extension for Lumin target not found
Native extension for LinuxStandalone target not found
Native extension for WindowsStandalone target not found
Native extension for OSXStandalone target not found
Native extension for WebGL target not found
Refreshing native plugins compatible for Editor in 0.32 ms, found 2 plugins.
Preloading 0 native plugins for Editor in 0.00 ms.
Mono: successfully reloaded assembly
- Completed reload, in  0.960 seconds
Platform modules already initialized, skipping
Refreshing native plugins compatible for Editor in 0.32 ms, found 2 plugins.
Preloading 0 native plugins for Editor in 0.00 ms.
Unloading 1383 Unused Serialized files (Serialized files now loaded: 0)
System memory in use before: 68.2 MB.
System memory in use after: 68.3 MB.

Unloading 14 unused Assets to reduce memory usage. Loaded Objects now: 1926.
Total: 2.163400 ms (FindLiveObjects: 0.167200 ms CreateObjectMapping: 0.034400 ms MarkObjects: 1.902100 ms  DeleteObjects: 0.058900 ms)

========================================================================
Received Prepare
Registering precompiled user dll's ...
Registered in 0.003081 seconds.
Begin MonoManager ReloadAssembly
Native extension for Lumin target not found
Native extension for LinuxStandalone target not found
Native extension for WindowsStandalone target not found
Native extension for OSXStandalone target not found
Native extension for WebGL target not found
Refreshing native plugins compatible for Editor in 0.33 ms, found 2 plugins.
Preloading 0 native plugins for Editor in 0.00 ms.
Mono: successfully reloaded assembly
- Completed reload, in  0.974 seconds
Platform modules already initialized, skipping
Refreshing native plugins compatible for Editor in 0.38 ms, found 2 plugins.
Preloading 0 native plugins for Editor in 0.00 ms.
Unloading 1383 Unused Serialized files (Serialized files now loaded: 0)
System memory in use before: 68.2 MB.
System memory in use after: 68.3 MB.

Unloading 14 unused Assets to reduce memory usage. Loaded Objects now: 1929.
Total: 2.075700 ms (FindLiveObjects: 0.173000 ms CreateObjectMapping: 0.038200 ms MarkObjects: 1.809200 ms  DeleteObjects: 0.054100 ms)

========================================================================
Received Prepare
Registering precompiled user dll's ...
Registered in 0.003021 seconds.
Begin MonoManager ReloadAssembly
Native extension for Lumin target not found
Native extension for LinuxStandalone target not found
Native extension for WindowsStandalone target not found
Native extension for OSXStandalone target not found
Native extension for WebGL target not found
Refreshing native plugins compatible for Editor in 0.36 ms, found 2 plugins.
Preloading 0 native plugins for Editor in 0.00 ms.
Mono: successfully reloaded assembly
- Completed reload, in  0.983 seconds
Platform modules already initialized, skipping
Refreshing native plugins compatible for Editor in 0.33 ms, found 2 plugins.
Preloading 0 native plugins for Editor in 0.00 ms.
Unloading 1383 Unused Serialized files (Serialized files now loaded: 0)
System memory in use before: 68.2 MB.
System memory in use after: 68.3 MB.

Unloading 14 unused Assets to reduce memory usage. Loaded Objects now: 1932.
Total: 2.073900 ms (FindLiveObjects: 0.193100 ms CreateObjectMapping: 0.038400 ms MarkObjects: 1.785500 ms  DeleteObjects: 0.055500 ms)

========================================================================
Received Prepare
Registering precompiled user dll's ...
Registered in 0.003204 seconds.
Begin MonoManager ReloadAssembly
Native extension for Lumin target not found
Native extension for LinuxStandalone target not found
Native extension for WindowsStandalone target not found
Native extension for OSXStandalone target not found
Native extension for WebGL target not found
Refreshing native plugins compatible for Editor in 0.34 ms, found 2 plugins.
Preloading 0 native plugins for Editor in 0.00 ms.
Mono: successfully reloaded assembly
- Completed reload, in  0.984 seconds
Platform modules already initialized, skipping
Refreshing native plugins compatible for Editor in 0.32 ms, found 2 plugins.
Preloading 0 native plugins for Editor in 0.00 ms.
Unloading 1383 Unused Serialized files (Serialized files now loaded: 0)
System memory in use before: 68.3 MB.
System memory in use after: 68.3 MB.

Unloading 14 unused Assets to reduce memory usage. Loaded Objects now: 1935.
Total: 2.067800 ms (FindLiveObjects: 0.166900 ms CreateObjectMapping: 0.036400 ms MarkObjects: 1.807900 ms  DeleteObjects: 0.055500 ms)

========================================================================
Received Import Request.
  Time since last request: 2741.775828 seconds.
  path: Assets/Resources/Prefabs/Player.prefab
  artifactKey: Guid(cb10489b14af0854797c9a105f6ecccf) Importer(815301076,1909f56bfc062723c751e8b465ee728b)
Start importing Assets/Resources/Prefabs/Player.prefab using Guid(cb10489b14af0854797c9a105f6ecccf) Importer(815301076,1909f56bfc062723c751e8b465ee728b)  -> (artifact id: '1b82a79d062f0411806139806a1ac30c') in 0.106082 seconds
  Import took 0.108658 seconds .

========================================================================
Received Prepare
Registering precompiled user dll's ...
Registered in 0.003182 seconds.
Begin MonoManager ReloadAssembly
Native extension for Lumin target not found
Native extension for LinuxStandalone target not found
Native extension for WindowsStandalone target not found
Native extension for OSXStandalone target not found
Native extension for WebGL target not found
Refreshing native plugins compatible for Editor in 0.33 ms, found 2 plugins.
Preloading 0 native plugins for Editor in 0.00 ms.
Mono: successfully reloaded assembly
- Completed reload, in  0.965 seconds
Platform modules already initialized, skipping
Refreshing native plugins compatible for Editor in 0.32 ms, found 2 plugins.
Preloading 0 native plugins for Editor in 0.00 ms.
Unloading 1383 Unused Serialized files (Serialized files now loaded: 0)
System memory in use before: 68.3 MB.
System memory in use after: 68.3 MB.

Unloading 15 unused Assets to reduce memory usage. Loaded Objects now: 1939.
Total: 2.165500 ms (FindLiveObjects: 0.168200 ms CreateObjectMapping: 0.034500 ms MarkObjects: 1.896700 ms  DeleteObjects: 0.065300 ms)

========================================================================
Received Prepare
Registering precompiled user dll's ...
Registered in 0.003411 seconds.
Begin MonoManager ReloadAssembly
Native extension for Lumin target not found
Native extension for LinuxStandalone target not found
Native extension for WindowsStandalone target not found
Native extension for OSXStandalone target not found
Native extension for WebGL target not found
Refreshing native plugins compatible for Editor in 0.34 ms, found 2 plugins.
Preloading 0 native plugins for Editor in 0.00 ms.
Mono: successfully reloaded assembly
- Completed reload, in  1.011 seconds
Platform modules already initialized, skipping
Refreshing native plugins compatible for Editor in 0.32 ms, found 2 plugins.
Preloading 0 native plugins for Editor in 0.00 ms.
Unloading 1383 Unused Serialized files (Serialized files now loaded: 0)
System memory in use before: 68.3 MB.
System memory in use after: 68.3 MB.

Unloading 14 unused Assets to reduce memory usage. Loaded Objects now: 1942.
Total: 2.278600 ms (FindLiveObjects: 0.178900 ms CreateObjectMapping: 0.037100 ms MarkObjects: 2.001000 ms  DeleteObjects: 0.060500 ms)

========================================================================
Received Import Request.
  Time since last request: 351.730446 seconds.
  path: Assets/Resources/Prefabs/Player.prefab
  artifactKey: Guid(cb10489b14af0854797c9a105f6ecccf) Importer(815301076,1909f56bfc062723c751e8b465ee728b)
Start importing Assets/Resources/Prefabs/Player.prefab using Guid(cb10489b14af0854797c9a105f6ecccf) Importer(815301076,1909f56bfc062723c751e8b465ee728b)  -> (artifact id: '36cfbd1be341bbd0ef9b214d9a0cc2ce') in 0.076347 seconds
  Import took 0.078794 seconds .

========================================================================
Received Import Request.
  Time since last request: 3.537246 seconds.
  path: Assets/Resources/Prefabs/Player.prefab
  artifactKey: Guid(cb10489b14af0854797c9a105f6ecccf) Importer(815301076,1909f56bfc062723c751e8b465ee728b)
Start importing Assets/Resources/Prefabs/Player.prefab using Guid(cb10489b14af0854797c9a105f6ecccf) Importer(815301076,1909f56bfc062723c751e8b465ee728b)  -> (artifact id: 'c8f27ea0f5c03846700b2e500eb8caac') in 0.012589 seconds
  Import took 0.134572 seconds .

========================================================================
Received Import Request.
  Time since last request: 5.334328 seconds.
  path: Assets/Resources/Prefabs/Player.prefab
  artifactKey: Guid(cb10489b14af0854797c9a105f6ecccf) Importer(815301076,1909f56bfc062723c751e8b465ee728b)
Start importing Assets/Resources/Prefabs/Player.prefab using Guid(cb10489b14af0854797c9a105f6ecccf) Importer(815301076,1909f56bfc062723c751e8b465ee728b)  -> (artifact id: '4ccc178ab5338d353b361723b518c481') in 0.013609 seconds
  Import took 0.036530 seconds .

========================================================================
Received Import Request.
  Time since last request: 4.973473 seconds.
  path: Assets/Resources/Prefabs/Player.prefab
  artifactKey: Guid(cb10489b14af0854797c9a105f6ecccf) Importer(815301076,1909f56bfc062723c751e8b465ee728b)
Start importing Assets/Resources/Prefabs/Player.prefab using Guid(cb10489b14af0854797c9a105f6ecccf) Importer(815301076,1909f56bfc062723c751e8b465ee728b)  -> (artifact id: '5fd66fe5b4ed11056b91e431d7189740') in 0.015158 seconds
  Import took 0.080279 seconds .

========================================================================
Received Prepare
Registering precompiled user dll's ...
Registered in 0.003191 seconds.
Begin MonoManager ReloadAssembly
Native extension for Lumin target not found
Native extension for LinuxStandalone target not found
Native extension for WindowsStandalone target not found
Native extension for OSXStandalone target not found
Native extension for WebGL target not found
Refreshing native plugins compatible for Editor in 0.33 ms, found 2 plugins.
Preloading 0 native plugins for Editor in 0.00 ms.
Mono: successfully reloaded assembly
- Completed reload, in  0.962 seconds
Platform modules already initialized, skipping
Refreshing native plugins compatible for Editor in 0.32 ms, found 2 plugins.
Preloading 0 native plugins for Editor in 0.00 ms.
Unloading 1383 Unused Serialized files (Serialized files now loaded: 0)
System memory in use before: 68.3 MB.
System memory in use after: 68.4 MB.

Unloading 15 unused Assets to reduce memory usage. Loaded Objects now: 1946.
Total: 2.186300 ms (FindLiveObjects: 0.173200 ms CreateObjectMapping: 0.035500 ms MarkObjects: 1.912300 ms  DeleteObjects: 0.064100 ms)

========================================================================
Received Import Request.
  Time since last request: 40.901229 seconds.
  path: Assets/Resources/Prefabs/Pillow.prefab
  artifactKey: Guid(872e5fdfd6f22a24db9b92a4d27ab11d) Importer(815301076,1909f56bfc062723c751e8b465ee728b)
Start importing Assets/Resources/Prefabs/Pillow.prefab using Guid(872e5fdfd6f22a24db9b92a4d27ab11d) Importer(815301076,1909f56bfc062723c751e8b465ee728b)  -> (artifact id: '4470280c18ee6a3b29b24aca2e852e7c') in 0.050639 seconds
  Import took 0.052980 seconds .

========================================================================
Received Prepare
Registering precompiled user dll's ...
Registered in 0.003122 seconds.
Begin MonoManager ReloadAssembly
Native extension for Lumin target not found
Native extension for LinuxStandalone target not found
Native extension for WindowsStandalone target not found
Native extension for OSXStandalone target not found
Native extension for WebGL target not found
Refreshing native plugins compatible for Editor in 0.34 ms, found 2 plugins.
Preloading 0 native plugins for Editor in 0.00 ms.
Mono: successfully reloaded assembly
- Completed reload, in  0.994 seconds
Platform modules already initialized, skipping
Refreshing native plugins compatible for Editor in 0.33 ms, found 2 plugins.
Preloading 0 native plugins for Editor in 0.00 ms.
Unloading 1383 Unused Serialized files (Serialized files now loaded: 0)
System memory in use before: 68.3 MB.
System memory in use after: 68.4 MB.

Unloading 15 unused Assets to reduce memory usage. Loaded Objects now: 1950.
Total: 2.055300 ms (FindLiveObjects: 0.187800 ms CreateObjectMapping: 0.038400 ms MarkObjects: 1.767900 ms  DeleteObjects: 0.060000 ms)

========================================================================
Received Prepare
Registering precompiled user dll's ...
Registered in 0.024520 seconds.
Begin MonoManager ReloadAssembly
Native extension for Lumin target not found
Native extension for LinuxStandalone target not found
Native extension for WindowsStandalone target not found
Native extension for OSXStandalone target not found
Native extension for WebGL target not found
Refreshing native plugins compatible for Editor in 0.33 ms, found 2 plugins.
Preloading 0 native plugins for Editor in 0.00 ms.
Mono: successfully reloaded assembly
- Completed reload, in  0.962 seconds
Platform modules already initialized, skipping
Refreshing native plugins compatible for Editor in 0.33 ms, found 2 plugins.
Preloading 0 native plugins for Editor in 0.00 ms.
Unloading 1383 Unused Serialized files (Serialized files now loaded: 0)
System memory in use before: 68.3 MB.
System memory in use after: 68.4 MB.

Unloading 14 unused Assets to reduce memory usage. Loaded Objects now: 1953.
Total: 2.052600 ms (FindLiveObjects: 0.168500 ms CreateObjectMapping: 0.037200 ms MarkObjects: 1.769900 ms  DeleteObjects: 0.075900 ms)

========================================================================
Received Prepare
Registering precompiled user dll's ...
Registered in 0.003118 seconds.
Begin MonoManager ReloadAssembly
Native extension for Lumin target not found
Native extension for LinuxStandalone target not found
Native extension for WindowsStandalone target not found
Native extension for OSXStandalone target not found
Native extension for WebGL target not found
Refreshing native plugins compatible for Editor in 0.33 ms, found 2 plugins.
Preloading 0 native plugins for Editor in 0.00 ms.
Mono: successfully reloaded assembly
- Completed reload, in  0.981 seconds
Platform modules already initialized, skipping
Refreshing native plugins compatible for Editor in 0.33 ms, found 2 plugins.
Preloading 0 native plugins for Editor in 0.00 ms.
Unloading 1383 Unused Serialized files (Serialized files now loaded: 0)
System memory in use before: 68.3 MB.
System memory in use after: 68.4 MB.

Unloading 14 unused Assets to reduce memory usage. Loaded Objects now: 1956.
Total: 2.064700 ms (FindLiveObjects: 0.176900 ms CreateObjectMapping: 0.037000 ms MarkObjects: 1.793300 ms  DeleteObjects: 0.056700 ms)

========================================================================
Received Prepare
Registering precompiled user dll's ...
Registered in 0.003134 seconds.
Begin MonoManager ReloadAssembly
Native extension for Lumin target not found
Native extension for LinuxStandalone target not found
Native extension for WindowsStandalone target not found
Native extension for OSXStandalone target not found
Native extension for WebGL target not found
Refreshing native plugins compatible for Editor in 0.33 ms, found 2 plugins.
Preloading 0 native plugins for Editor in 0.00 ms.
Mono: successfully reloaded assembly
- Completed reload, in  0.986 seconds
Platform modules already initialized, skipping
Refreshing native plugins compatible for Editor in 0.44 ms, found 2 plugins.
Preloading 0 native plugins for Editor in 0.00 ms.
Unloading 1383 Unused Serialized files (Serialized files now loaded: 0)
System memory in use before: 68.3 MB.
System memory in use after: 68.4 MB.

Unloading 14 unused Assets to reduce memory usage. Loaded Objects now: 1959.
Total: 2.114400 ms (FindLiveObjects: 0.181000 ms CreateObjectMapping: 0.040700 ms MarkObjects: 1.820500 ms  DeleteObjects: 0.070700 ms)

========================================================================
Received Prepare
Registering precompiled user dll's ...
Registered in 0.003010 seconds.
Begin MonoManager ReloadAssembly
Native extension for Lumin target not found
Native extension for LinuxStandalone target not found
Native extension for WindowsStandalone target not found
Native extension for OSXStandalone target not found
Native extension for WebGL target not found
Refreshing native plugins compatible for Editor in 0.33 ms, found 2 plugins.
Preloading 0 native plugins for Editor in 0.00 ms.
Mono: successfully reloaded assembly
- Completed reload, in  0.994 seconds
Platform modules already initialized, skipping
Refreshing native plugins compatible for Editor in 0.34 ms, found 2 plugins.
Preloading 0 native plugins for Editor in 0.00 ms.
Unloading 1383 Unused Serialized files (Serialized files now loaded: 0)
System memory in use before: 68.4 MB.
System memory in use after: 68.4 MB.

Unloading 14 unused Assets to reduce memory usage. Loaded Objects now: 1962.
Total: 2.186600 ms (FindLiveObjects: 0.181100 ms CreateObjectMapping: 0.035900 ms MarkObjects: 1.905700 ms  DeleteObjects: 0.062900 ms)

========================================================================
Received Prepare
Registering precompiled user dll's ...
Registered in 0.003077 seconds.
Begin MonoManager ReloadAssembly
Native extension for Lumin target not found
Native extension for LinuxStandalone target not found
Native extension for WindowsStandalone target not found
Native extension for OSXStandalone target not found
Native extension for WebGL target not found
Refreshing native plugins compatible for Editor in 0.42 ms, found 2 plugins.
Preloading 0 native plugins for Editor in 0.00 ms.
Mono: successfully reloaded assembly
- Completed reload, in  0.977 seconds
Platform modules already initialized, skipping
Refreshing native plugins compatible for Editor in 0.33 ms, found 2 plugins.
Preloading 0 native plugins for Editor in 0.00 ms.
Unloading 1383 Unused Serialized files (Serialized files now loaded: 0)
System memory in use before: 68.4 MB.
System memory in use after: 68.4 MB.

Unloading 14 unused Assets to reduce memory usage. Loaded Objects now: 1965.
Total: 2.046400 ms (FindLiveObjects: 0.199100 ms CreateObjectMapping: 0.036700 ms MarkObjects: 1.752900 ms  DeleteObjects: 0.056400 ms)

========================================================================
Received Prepare
Registering precompiled user dll's ...
Registered in 0.003480 seconds.
Begin MonoManager ReloadAssembly
Native extension for Lumin target not found
Native extension for LinuxStandalone target not found
Native extension for WindowsStandalone target not found
Native extension for OSXStandalone target not found
Native extension for WebGL target not found
Refreshing native plugins compatible for Editor in 0.33 ms, found 2 plugins.
Preloading 0 native plugins for Editor in 0.00 ms.
Mono: successfully reloaded assembly
- Completed reload, in  0.967 seconds
Platform modules already initialized, skipping
Refreshing native plugins compatible for Editor in 0.34 ms, found 2 plugins.
Preloading 0 native plugins for Editor in 0.00 ms.
Unloading 1383 Unused Serialized files (Serialized files now loaded: 0)
System memory in use before: 68.4 MB.
System memory in use after: 68.4 MB.

Unloading 14 unused Assets to reduce memory usage. Loaded Objects now: 1968.
Total: 2.282800 ms (FindLiveObjects: 0.161300 ms CreateObjectMapping: 0.035900 ms MarkObjects: 2.001300 ms  DeleteObjects: 0.082700 ms)

========================================================================
Received Prepare
Registering precompiled user dll's ...
Registered in 0.003002 seconds.
Begin MonoManager ReloadAssembly
Native extension for Lumin target not found
Native extension for LinuxStandalone target not found
Native extension for WindowsStandalone target not found
Native extension for OSXStandalone target not found
Native extension for WebGL target not found
Refreshing native plugins compatible for Editor in 0.34 ms, found 2 plugins.
Preloading 0 native plugins for Editor in 0.00 ms.
Mono: successfully reloaded assembly
- Completed reload, in  0.960 seconds
Platform modules already initialized, skipping
Refreshing native plugins compatible for Editor in 0.33 ms, found 2 plugins.
Preloading 0 native plugins for Editor in 0.00 ms.
Unloading 1383 Unused Serialized files (Serialized files now loaded: 0)
System memory in use before: 68.4 MB.
System memory in use after: 68.5 MB.

Unloading 14 unused Assets to reduce memory usage. Loaded Objects now: 1971.
Total: 2.076500 ms (FindLiveObjects: 0.217200 ms CreateObjectMapping: 0.040200 ms MarkObjects: 1.761000 ms  DeleteObjects: 0.056900 ms)

========================================================================
Received Prepare
Registering precompiled user dll's ...
Registered in 0.003204 seconds.
Begin MonoManager ReloadAssembly
Native extension for Lumin target not found
Native extension for LinuxStandalone target not found
Native extension for WindowsStandalone target not found
Native extension for OSXStandalone target not found
Native extension for WebGL target not found
Refreshing native plugins compatible for Editor in 0.34 ms, found 2 plugins.
Preloading 0 native plugins for Editor in 0.00 ms.
Mono: successfully reloaded assembly
- Completed reload, in  1.006 seconds
Platform modules already initialized, skipping
Refreshing native plugins compatible for Editor in 0.39 ms, found 2 plugins.
Preloading 0 native plugins for Editor in 0.00 ms.
Unloading 1383 Unused Serialized files (Serialized files now loaded: 0)
System memory in use before: 68.4 MB.
System memory in use after: 68.5 MB.

Unloading 14 unused Assets to reduce memory usage. Loaded Objects now: 1974.
Total: 2.230400 ms (FindLiveObjects: 0.200800 ms CreateObjectMapping: 0.043400 ms MarkObjects: 1.921500 ms  DeleteObjects: 0.063400 ms)

========================================================================
Received Prepare
Registering precompiled user dll's ...
Registered in 0.003201 seconds.
Begin MonoManager ReloadAssembly
Native extension for Lumin target not found
Native extension for LinuxStandalone target not found
Native extension for WindowsStandalone target not found
Native extension for OSXStandalone target not found
Native extension for WebGL target not found
Refreshing native plugins compatible for Editor in 0.33 ms, found 2 plugins.
Preloading 0 native plugins for Editor in 0.00 ms.
Mono: successfully reloaded assembly
- Completed reload, in  1.021 seconds
Platform modules already initialized, skipping
Refreshing native plugins compatible for Editor in 0.37 ms, found 2 plugins.
Preloading 0 native plugins for Editor in 0.00 ms.
Unloading 1383 Unused Serialized files (Serialized files now loaded: 0)
System memory in use before: 68.4 MB.
System memory in use after: 68.5 MB.

Unloading 14 unused Assets to reduce memory usage. Loaded Objects now: 1977.
Total: 2.037900 ms (FindLiveObjects: 0.180700 ms CreateObjectMapping: 0.036800 ms MarkObjects: 1.761400 ms  DeleteObjects: 0.058000 ms)

========================================================================
Received Prepare
Registering precompiled user dll's ...
Registered in 0.003046 seconds.
Begin MonoManager ReloadAssembly
Native extension for Lumin target not found
Native extension for LinuxStandalone target not found
Native extension for WindowsStandalone target not found
Native extension for OSXStandalone target not found
Native extension for WebGL target not found
Refreshing native plugins compatible for Editor in 0.33 ms, found 2 plugins.
Preloading 0 native plugins for Editor in 0.00 ms.
Mono: successfully reloaded assembly
- Completed reload, in  1.011 seconds
Platform modules already initialized, skipping
Refreshing native plugins compatible for Editor in 0.39 ms, found 2 plugins.
Preloading 0 native plugins for Editor in 0.00 ms.
Unloading 1383 Unused Serialized files (Serialized files now loaded: 0)
System memory in use before: 68.4 MB.
System memory in use after: 68.5 MB.

Unloading 14 unused Assets to reduce memory usage. Loaded Objects now: 1980.
Total: 2.029000 ms (FindLiveObjects: 0.171700 ms CreateObjectMapping: 0.037300 ms MarkObjects: 1.762500 ms  DeleteObjects: 0.056400 ms)

========================================================================
Received Prepare
Registering precompiled user dll's ...
Registered in 0.003058 seconds.
Begin MonoManager ReloadAssembly
Native extension for Lumin target not found
Native extension for LinuxStandalone target not found
Native extension for WindowsStandalone target not found
Native extension for OSXStandalone target not found
Native extension for WebGL target not found
Refreshing native plugins compatible for Editor in 0.33 ms, found 2 plugins.
Preloading 0 native plugins for Editor in 0.00 ms.
Mono: successfully reloaded assembly
- Completed reload, in  0.984 seconds
Platform modules already initialized, skipping
Refreshing native plugins compatible for Editor in 0.36 ms, found 2 plugins.
Preloading 0 native plugins for Editor in 0.00 ms.
Unloading 1383 Unused Serialized files (Serialized files now loaded: 0)
System memory in use before: 68.4 MB.
System memory in use after: 68.5 MB.

Unloading 14 unused Assets to reduce memory usage. Loaded Objects now: 1983.
Total: 2.168400 ms (FindLiveObjects: 0.176900 ms CreateObjectMapping: 0.040400 ms MarkObjects: 1.893400 ms  DeleteObjects: 0.056700 ms)

========================================================================
Received Prepare
Registering precompiled user dll's ...
Registered in 0.003198 seconds.
Begin MonoManager ReloadAssembly
Native extension for Lumin target not found
Native extension for LinuxStandalone target not found
Native extension for WindowsStandalone target not found
Native extension for OSXStandalone target not found
Native extension for WebGL target not found
Refreshing native plugins compatible for Editor in 0.33 ms, found 2 plugins.
Preloading 0 native plugins for Editor in 0.00 ms.
Mono: successfully reloaded assembly
- Completed reload, in  0.979 seconds
Platform modules already initialized, skipping
Refreshing native plugins compatible for Editor in 0.33 ms, found 2 plugins.
Preloading 0 native plugins for Editor in 0.00 ms.
Unloading 1383 Unused Serialized files (Serialized files now loaded: 0)
System memory in use before: 68.4 MB.
System memory in use after: 68.5 MB.

Unloading 14 unused Assets to reduce memory usage. Loaded Objects now: 1986.
Total: 2.177600 ms (FindLiveObjects: 0.175100 ms CreateObjectMapping: 0.038600 ms MarkObjects: 1.906000 ms  DeleteObjects: 0.056900 ms)

========================================================================
Received Prepare
Registering precompiled user dll's ...
Registered in 0.003302 seconds.
Begin MonoManager ReloadAssembly
Native extension for Lumin target not found
Native extension for LinuxStandalone target not found
Native extension for WindowsStandalone target not found
Native extension for OSXStandalone target not found
Native extension for WebGL target not found
Refreshing native plugins compatible for Editor in 0.45 ms, found 2 plugins.
Preloading 0 native plugins for Editor in 0.00 ms.
Mono: successfully reloaded assembly
- Completed reload, in  1.066 seconds
Platform modules already initialized, skipping
Refreshing native plugins compatible for Editor in 0.33 ms, found 2 plugins.
Preloading 0 native plugins for Editor in 0.00 ms.
Unloading 1383 Unused Serialized files (Serialized files now loaded: 0)
System memory in use before: 68.4 MB.
System memory in use after: 68.5 MB.

Unloading 14 unused Assets to reduce memory usage. Loaded Objects now: 1989.
Total: 2.149500 ms (FindLiveObjects: 0.184700 ms CreateObjectMapping: 0.037800 ms MarkObjects: 1.867200 ms  DeleteObjects: 0.058700 ms)

========================================================================
Received Prepare
Registering precompiled user dll's ...
Registered in 0.003053 seconds.
Begin MonoManager ReloadAssembly
Native extension for Lumin target not found
Native extension for LinuxStandalone target not found
Native extension for WindowsStandalone target not found
Native extension for OSXStandalone target not found
Native extension for WebGL target not found
Refreshing native plugins compatible for Editor in 0.33 ms, found 2 plugins.
Preloading 0 native plugins for Editor in 0.00 ms.
Mono: successfully reloaded assembly
- Completed reload, in  0.948 seconds
Platform modules already initialized, skipping
Refreshing native plugins compatible for Editor in 0.38 ms, found 2 plugins.
Preloading 0 native plugins for Editor in 0.00 ms.
Unloading 1383 Unused Serialized files (Serialized files now loaded: 0)
System memory in use before: 68.4 MB.
System memory in use after: 68.5 MB.

Unloading 14 unused Assets to reduce memory usage. Loaded Objects now: 1992.
Total: 2.194200 ms (FindLiveObjects: 0.306900 ms CreateObjectMapping: 0.037400 ms MarkObjects: 1.791600 ms  DeleteObjects: 0.057200 ms)

========================================================================
Received Prepare
Registering precompiled user dll's ...
Registered in 0.003788 seconds.
Begin MonoManager ReloadAssembly
Native extension for Lumin target not found
Native extension for LinuxStandalone target not found
Native extension for WindowsStandalone target not found
Native extension for OSXStandalone target not found
Native extension for WebGL target not found
Refreshing native plugins compatible for Editor in 0.33 ms, found 2 plugins.
Preloading 0 native plugins for Editor in 0.00 ms.
Mono: successfully reloaded assembly
- Completed reload, in  0.961 seconds
Platform modules already initialized, skipping
Refreshing native plugins compatible for Editor in 0.37 ms, found 2 plugins.
Preloading 0 native plugins for Editor in 0.00 ms.
Unloading 1383 Unused Serialized files (Serialized files now loaded: 0)
System memory in use before: 68.4 MB.
System memory in use after: 68.5 MB.

Unloading 14 unused Assets to reduce memory usage. Loaded Objects now: 1995.
Total: 2.112300 ms (FindLiveObjects: 0.191900 ms CreateObjectMapping: 0.040300 ms MarkObjects: 1.819600 ms  DeleteObjects: 0.059300 ms)

========================================================================
Received Prepare
Registering precompiled user dll's ...
Registered in 0.003045 seconds.
Begin MonoManager ReloadAssembly
Native extension for Lumin target not found
Native extension for LinuxStandalone target not found
Native extension for WindowsStandalone target not found
Native extension for OSXStandalone target not found
Native extension for WebGL target not found
Refreshing native plugins compatible for Editor in 0.33 ms, found 2 plugins.
Preloading 0 native plugins for Editor in 0.00 ms.
Mono: successfully reloaded assembly
- Completed reload, in  0.968 seconds
Platform modules already initialized, skipping
Refreshing native plugins compatible for Editor in 0.33 ms, found 2 plugins.
Preloading 0 native plugins for Editor in 0.00 ms.
Unloading 1383 Unused Serialized files (Serialized files now loaded: 0)
System memory in use before: 68.4 MB.
System memory in use after: 68.5 MB.

Unloading 14 unused Assets to reduce memory usage. Loaded Objects now: 1998.
Total: 2.021900 ms (FindLiveObjects: 0.177100 ms CreateObjectMapping: 0.037300 ms MarkObjects: 1.753200 ms  DeleteObjects: 0.053300 ms)

========================================================================
Received Prepare
Registering precompiled user dll's ...
Registered in 0.003059 seconds.
Begin MonoManager ReloadAssembly
Native extension for Lumin target not found
Native extension for LinuxStandalone target not found
Native extension for WindowsStandalone target not found
Native extension for OSXStandalone target not found
Native extension for WebGL target not found
Refreshing native plugins compatible for Editor in 0.33 ms, found 2 plugins.
Preloading 0 native plugins for Editor in 0.00 ms.
Mono: successfully reloaded assembly
- Completed reload, in  0.954 seconds
Platform modules already initialized, skipping
Refreshing native plugins compatible for Editor in 0.32 ms, found 2 plugins.
Preloading 0 native plugins for Editor in 0.00 ms.
Unloading 1383 Unused Serialized files (Serialized files now loaded: 0)
System memory in use before: 68.4 MB.
System memory in use after: 68.5 MB.

Unloading 14 unused Assets to reduce memory usage. Loaded Objects now: 2001.
Total: 2.084500 ms (FindLiveObjects: 0.182300 ms CreateObjectMapping: 0.038600 ms MarkObjects: 1.802600 ms  DeleteObjects: 0.060000 ms)

AssetImportWorkerClient::OnTransportError - code=2 error=End of file
